mode: set
github.com/luckylukas/cleaningpipe/cleaningpipe.go:20.65,25.2 1 1
github.com/luckylukas/cleaningpipe/cleaningpipe.go:27.57,28.17 1 1
github.com/luckylukas/cleaningpipe/cleaningpipe.go:31.2,33.12 2 1
github.com/luckylukas/cleaningpipe/cleaningpipe.go:37.2,39.16 2 1
github.com/luckylukas/cleaningpipe/cleaningpipe.go:43.2,43.23 1 1
github.com/luckylukas/cleaningpipe/cleaningpipe.go:53.2,53.15 1 0
github.com/luckylukas/cleaningpipe/cleaningpipe.go:28.17,30.3 1 1
github.com/luckylukas/cleaningpipe/cleaningpipe.go:33.12,35.3 1 1
github.com/luckylukas/cleaningpipe/cleaningpipe.go:39.16,41.3 1 1
github.com/luckylukas/cleaningpipe/cleaningpipe.go:43.23,45.62 1 1
github.com/luckylukas/cleaningpipe/cleaningpipe.go:50.3,50.23 1 1
github.com/luckylukas/cleaningpipe/cleaningpipe.go:45.62,48.4 1 1
